<?xml version="1.0" encoding="UTF-8"?>
<testng-results ignored="0" total="1" passed="1" failed="0" skipped="0">
  <reporter-output>
  </reporter-output>
  <suite started-at="2026-05-10T13:27:59 IST" name="Default suite" finished-at="2026-05-10T13:28:19 IST" duration-ms="20422">
    <groups>
    </groups>
    <test started-at="2026-05-10T13:27:59 IST" name="Default test" finished-at="2026-05-10T13:28:19 IST" duration-ms="20422">
      <class name="selenium.yatraCalendarAutomation.YatraAutomationScriptOptimized">
        <test-method signature="yatraAutomationTestScript()[pri:0, instance:selenium.yatraCalendarAutomation.YatraAutomationScriptOptimized@13c9d689]" started-at="2026-05-10T13:27:59 IST" name="yatraAutomationTestScript" finished-at="2026-05-10T13:28:19 IST" duration-ms="20353" status="PASS">
          <reporter-output>
          </reporter-output>
        </test-method> <!-- yatraAutomationTestScript -->
      </class> <!-- selenium.yatraCalendarAutomation.YatraAutomationScriptOptimized -->
    </test> <!-- Default test -->
  </suite> <!-- Default suite -->
</testng-results>
