<?xml version="1.0" encoding="UTF-8"?>
<!-- Generated by org.testng.reporters.JUnitReportReporter -->
<testsuite hostname="DESKTOP-T5VO78D" failures="0" tests="1" name="selenium.yatraCalendarAutomation.YatraAutomationScript" time="16.057" errors="0" timestamp="2026-05-10T11:50:25 IST" skipped="0">
  <testcase classname="selenium.yatraCalendarAutomation.YatraAutomationScript" name="yatraAutomationTestScript" time="16.057"/>
</testsuite> <!-- selenium.yatraCalendarAutomation.YatraAutomationScript -->
