<?xml version="1.0" encoding="UTF-8"?>
<!-- Generated by org.testng.reporters.JUnitReportReporter -->
<testsuite hostname="DESKTOP-T5VO78D" failures="0" tests="1" name="selenium.yatraCalendarAutomation.YatraAutomationScriptCopy" time="9.425" errors="0" timestamp="2026-05-10T13:02:27 IST" skipped="0">
  <testcase classname="selenium.yatraCalendarAutomation.YatraAutomationScriptCopy" name="yatraAutomationTestScript" time="9.425"/>
</testsuite> <!-- selenium.yatraCalendarAutomation.YatraAutomationScriptCopy -->
