<?xml version="1.0" encoding="UTF-8"?>
<!-- Generated by org.testng.reporters.JUnitReportReporter -->
<testsuite hostname="DESKTOP-T5VO78D" failures="0" tests="1" name="selenium.yatraCalendarAutomation.YatraAutomationScriptOptimized" time="16.633" errors="0" timestamp="2026-05-10T13:37:21 IST" skipped="0">
  <testcase classname="selenium.yatraCalendarAutomation.YatraAutomationScriptOptimized" name="yatraAutomationTestScript" time="16.633"/>
</testsuite> <!-- selenium.yatraCalendarAutomation.YatraAutomationScriptOptimized -->
